[2025-05-17 16:00:17,262] INFO [QuorumController id=1] In the last 60000 ms period, 324 controller events were completed, which took an average of 9.78 ms each. The slowest event was writeNoOpRecord(331998314), which took 26.80 ms. (org.apache.kafka.controller.EventPerformanceMonitor)
[2025-05-17 16:01:24,450] INFO [QuorumController id=1] In the last 60000 ms period, 325 controller events were completed, which took an average of 9.48 ms each. The slowest event was writeNoOpRecord(309289199), which took 27.97 ms. (org.apache.kafka.controller.EventPerformanceMonitor)
[2025-05-17 16:02:31,588] INFO [QuorumController id=1] In the last 60000 ms period, 324 controller events were completed, which took an average of 9.57 ms each. The slowest event was writeNoOpRecord(217681893), which took 26.92 ms. (org.apache.kafka.controller.EventPerformanceMonitor)
[2025-05-17 16:03:38,767] INFO [QuorumController id=1] Periodic task electPreferred generated 0 records in 15 microseconds. (org.apache.kafka.controller.PeriodicTaskControlManager)
[2025-05-17 16:03:38,768] INFO [QuorumController id=1] Periodic task electUnclean generated 0 records in 15 microseconds. (org.apache.kafka.controller.PeriodicTaskControlManager)
[2025-05-17 16:03:38,789] INFO [QuorumController id=1] In the last 60000 ms period, 326 controller events were completed, which took an average of 9.44 ms each. The slowest event was writeNoOpRecord(1074095614), which took 26.77 ms. (org.apache.kafka.controller.EventPerformanceMonitor)
[2025-05-17 16:04:45,943] INFO [QuorumController id=1] In the last 60000 ms period, 324 controller events were completed, which took an average of 9.53 ms each. The slowest event was writeNoOpRecord(931450356), which took 26.56 ms. (org.apache.kafka.controller.EventPerformanceMonitor)
[2025-05-17 16:05:49,531] INFO [QuorumController id=1] In the last 60000 ms period, 325 controller events were completed, which took an average of 9.48 ms each. The slowest event was writeNoOpRecord(47543453), which took 27.33 ms. (org.apache.kafka.controller.EventPerformanceMonitor)
[2025-05-17 16:06:56,701] INFO [QuorumController id=1] In the last 60000 ms period, 323 controller events were completed, which took an average of 9.49 ms each. The slowest event was writeNoOpRecord(651314003), which took 26.44 ms. (org.apache.kafka.controller.EventPerformanceMonitor)
[2025-05-17 16:08:03,885] INFO [QuorumController id=1] In the last 60000 ms period, 324 controller events were completed, which took an average of 9.54 ms each. The slowest event was writeNoOpRecord(1472069088), which took 26.64 ms. (org.apache.kafka.controller.EventPerformanceMonitor)
[2025-05-17 16:09:11,018] INFO [QuorumController id=1] Periodic task electPreferred generated 0 records in 14 microseconds. (org.apache.kafka.controller.PeriodicTaskControlManager)
[2025-05-17 16:09:11,018] INFO [QuorumController id=1] Periodic task electUnclean generated 0 records in 11 microseconds. (org.apache.kafka.controller.PeriodicTaskControlManager)
[2025-05-17 16:09:11,042] INFO [QuorumController id=1] In the last 60000 ms period, 327 controller events were completed, which took an average of 9.37 ms each. The slowest event was writeNoOpRecord(1113964674), which took 26.96 ms. (org.apache.kafka.controller.EventPerformanceMonitor)
[2025-05-17 16:10:18,207] INFO [QuorumController id=1] In the last 60000 ms period, 324 controller events were completed, which took an average of 9.53 ms each. The slowest event was writeNoOpRecord(1210755894), which took 27.29 ms. (org.apache.kafka.controller.EventPerformanceMonitor)
[2025-05-17 16:11:25,373] INFO [QuorumController id=1] In the last 60000 ms period, 324 controller events were completed, which took an average of 9.50 ms each. The slowest event was writeNoOpRecord(503680511), which took 26.58 ms. (org.apache.kafka.controller.EventPerformanceMonitor)
[2025-05-17 16:12:32,545] INFO [QuorumController id=1] In the last 60000 ms period, 325 controller events were completed, which took an average of 9.51 ms each. The slowest event was writeNoOpRecord(44317860), which took 29.67 ms. (org.apache.kafka.controller.EventPerformanceMonitor)
[2025-05-17 16:13:39,761] INFO [QuorumController id=1] In the last 60000 ms period, 324 controller events were completed, which took an average of 9.72 ms each. The slowest event was writeNoOpRecord(1953329501), which took 44.32 ms. (org.apache.kafka.controller.EventPerformanceMonitor)
[2025-05-17 16:14:43,293] INFO [QuorumController id=1] Periodic task electPreferred generated 0 records in 20 microseconds. (org.apache.kafka.controller.PeriodicTaskControlManager)
[2025-05-17 16:14:43,294] INFO [QuorumController id=1] Periodic task electUnclean generated 0 records in 14 microseconds. (org.apache.kafka.controller.PeriodicTaskControlManager)
[2025-05-17 16:14:43,321] INFO [QuorumController id=1] In the last 60000 ms period, 326 controller events were completed, which took an average of 9.51 ms each. The slowest event was writeNoOpRecord(2077644853), which took 27.58 ms. (org.apache.kafka.controller.EventPerformanceMonitor)
[2025-05-17 16:15:50,496] INFO [QuorumController id=1] In the last 60000 ms period, 325 controller events were completed, which took an average of 9.43 ms each. The slowest event was writeNoOpRecord(698743869), which took 27.16 ms. (org.apache.kafka.controller.EventPerformanceMonitor)
[2025-05-17 16:16:57,660] INFO [QuorumController id=1] In the last 60000 ms period, 322 controller events were completed, which took an average of 9.49 ms each. The slowest event was writeNoOpRecord(177662794), which took 26.85 ms. (org.apache.kafka.controller.EventPerformanceMonitor)
[2025-05-17 16:18:04,812] INFO [QuorumController id=1] In the last 60000 ms period, 324 controller events were completed, which took an average of 9.54 ms each. The slowest event was writeNoOpRecord(1385636901), which took 26.53 ms. (org.apache.kafka.controller.EventPerformanceMonitor)
[2025-05-17 16:19:11,977] INFO [QuorumController id=1] In the last 60000 ms period, 325 controller events were completed, which took an average of 9.42 ms each. The slowest event was writeNoOpRecord(1452015746), which took 26.51 ms. (org.apache.kafka.controller.EventPerformanceMonitor)
[2025-05-17 16:20:19,160] INFO [QuorumController id=1] Periodic task expireDelegationTokens generated 0 records in 71 microseconds. (org.apache.kafka.controller.PeriodicTaskControlManager)
[2025-05-17 16:20:19,166] INFO [QuorumController id=1] Periodic task electPreferred generated 0 records in 13 microseconds. (org.apache.kafka.controller.PeriodicTaskControlManager)
[2025-05-17 16:20:19,166] INFO [QuorumController id=1] Periodic task electUnclean generated 0 records in 11 microseconds. (org.apache.kafka.controller.PeriodicTaskControlManager)
[2025-05-17 16:20:19,196] INFO [QuorumController id=1] In the last 60000 ms period, 327 controller events were completed, which took an average of 9.42 ms each. The slowest event was writeNoOpRecord(333009452), which took 27.04 ms. (org.apache.kafka.controller.EventPerformanceMonitor)
[2025-05-17 16:21:22,775] INFO [QuorumController id=1] In the last 60000 ms period, 324 controller events were completed, which took an average of 9.52 ms each. The slowest event was writeNoOpRecord(816105169), which took 27.16 ms. (org.apache.kafka.controller.EventPerformanceMonitor)
[2025-05-17 16:22:29,935] INFO [QuorumController id=1] In the last 60000 ms period, 325 controller events were completed, which took an average of 9.49 ms each. The slowest event was writeNoOpRecord(1128729868), which took 26.82 ms. (org.apache.kafka.controller.EventPerformanceMonitor)
[2025-05-17 16:23:37,216] INFO [QuorumController id=1] In the last 60000 ms period, 324 controller events were completed, which took an average of 9.48 ms each. The slowest event was writeNoOpRecord(923222932), which took 27.39 ms. (org.apache.kafka.controller.EventPerformanceMonitor)
[2025-05-17 16:24:44,427] INFO [QuorumController id=1] In the last 60000 ms period, 324 controller events were completed, which took an average of 9.59 ms each. The slowest event was writeNoOpRecord(1625526630), which took 26.51 ms. (org.apache.kafka.controller.EventPerformanceMonitor)
[2025-05-17 16:25:51,691] INFO [QuorumController id=1] Periodic task electPreferred generated 0 records in 27 microseconds. (org.apache.kafka.controller.PeriodicTaskControlManager)
[2025-05-17 16:25:51,691] INFO [QuorumController id=1] Periodic task electUnclean generated 0 records in 11 microseconds. (org.apache.kafka.controller.PeriodicTaskControlManager)
[2025-05-17 16:25:51,723] INFO [QuorumController id=1] In the last 60000 ms period, 327 controller events were completed, which took an average of 9.60 ms each. The slowest event was writeNoOpRecord(185206454), which took 96.42 ms. (org.apache.kafka.controller.EventPerformanceMonitor)
[2025-05-17 16:26:58,889] INFO [QuorumController id=1] In the last 60000 ms period, 324 controller events were completed, which took an average of 9.49 ms each. The slowest event was writeNoOpRecord(1344692302), which took 27.18 ms. (org.apache.kafka.controller.EventPerformanceMonitor)
[2025-05-17 16:28:06,044] INFO [QuorumController id=1] In the last 60000 ms period, 324 controller events were completed, which took an average of 9.72 ms each. The slowest event was writeNoOpRecord(1262465340), which took 26.61 ms. (org.apache.kafka.controller.EventPerformanceMonitor)
[2025-05-17 16:28:49,527] INFO [QuorumController id=1] Unfenced broker 1 has requested and been granted a controlled shutdown. (org.apache.kafka.controller.BrokerHeartbeatManager)
[2025-05-17 16:28:49,528] INFO [QuorumController id=1] enterControlledShutdown[1]: changing 4 partition(s) (org.apache.kafka.controller.ReplicationControlManager)
[2025-05-17 16:28:49,529] INFO [QuorumController id=1] Replayed BrokerRegistrationChangeRecord modifying the registration for broker 1: BrokerRegistrationChangeRecord(brokerId=1, brokerEpoch=20529, fenced=0, inControlledShutdown=1, logDirs=[]) (org.apache.kafka.controller.ClusterControlManager)
[2025-05-17 16:28:49,608] INFO [QuorumController id=1] The request from broker 1 to shut down has been granted since the lowest active offset 9223372036854775807 is now greater than the broker's controlled shutdown offset 28635. (org.apache.kafka.controller.BrokerHeartbeatManager)
[2025-05-17 16:28:49,609] INFO [QuorumController id=1] Replayed BrokerRegistrationChangeRecord modifying the registration for broker 1: BrokerRegistrationChangeRecord(brokerId=1, brokerEpoch=20529, fenced=1, inControlledShutdown=0, logDirs=[]) (org.apache.kafka.controller.ClusterControlManager)
[2025-05-17 16:28:49,969] INFO [QuorumController id=1] maybeFenceStaleBroker: event unable to start processing because of RejectedExecutionException (treated as TimeoutException). Exception message: The event queue is shutting down (org.apache.kafka.controller.QuorumController)
[2025-05-17 16:28:49,970] INFO [QuorumController id=1] writeNoOpRecord: event unable to start processing because of RejectedExecutionException (treated as TimeoutException). Exception message: The event queue is shutting down (org.apache.kafka.controller.QuorumController)
[2025-05-17 16:28:49,970] INFO [QuorumController id=1] generatePeriodicPerformanceMessage: event unable to start processing because of RejectedExecutionException (treated as TimeoutException). Exception message: The event queue is shutting down (org.apache.kafka.controller.QuorumController)
[2025-05-17 16:28:49,970] INFO [QuorumController id=1] electPreferred: event unable to start processing because of RejectedExecutionException (treated as TimeoutException). Exception message: The event queue is shutting down (org.apache.kafka.controller.QuorumController)
[2025-05-17 16:28:49,970] INFO [QuorumController id=1] electUnclean: event unable to start processing because of RejectedExecutionException (treated as TimeoutException). Exception message: The event queue is shutting down (org.apache.kafka.controller.QuorumController)
[2025-05-17 16:28:49,970] INFO [QuorumController id=1] expireDelegationTokens: event unable to start processing because of RejectedExecutionException (treated as TimeoutException). Exception message: The event queue is shutting down (org.apache.kafka.controller.QuorumController)
[2025-05-17 16:28:56,898] INFO [QuorumController id=1] Registering periodic task writeNoOpRecord to run every 500 ms (org.apache.kafka.controller.PeriodicTaskControlManager)
[2025-05-17 16:28:56,900] INFO [QuorumController id=1] Registering periodic task maybeFenceStaleBroker to run every 1125 ms (org.apache.kafka.controller.PeriodicTaskControlManager)
[2025-05-17 16:28:56,901] INFO [QuorumController id=1] Registering periodic task electPreferred to run every 300000 ms (org.apache.kafka.controller.PeriodicTaskControlManager)
[2025-05-17 16:28:56,902] INFO [QuorumController id=1] Registering periodic task electUnclean to run every 300000 ms (org.apache.kafka.controller.PeriodicTaskControlManager)
[2025-05-17 16:28:56,903] INFO [QuorumController id=1] Registering periodic task expireDelegationTokens to run every 3600000 ms (org.apache.kafka.controller.PeriodicTaskControlManager)
[2025-05-17 16:28:56,904] INFO [QuorumController id=1] Registering periodic task generatePeriodicPerformanceMessage to run every 60000 ms (org.apache.kafka.controller.PeriodicTaskControlManager)
[2025-05-17 16:28:56,906] INFO [QuorumController id=1] Creating new QuorumController with clusterId 1-1747472745 (org.apache.kafka.controller.QuorumController)
[2025-05-17 16:28:56,910] INFO [QuorumController id=1] Starting to load snapshot 00000000000000027712-0000000004. Previous lastCommittedOffset was -1. Previous transactionStartOffset was -1. (org.apache.kafka.controller.OffsetControlManager)
[2025-05-17 16:28:56,914] INFO [QuorumController id=1] Replayed a FeatureLevelRecord setting metadata.version to 4.0-IV3 (org.apache.kafka.controller.FeatureControlManager)
[2025-05-17 16:28:56,915] INFO [QuorumController id=1] Replayed a FeatureLevelRecord setting feature group.version to 1 (org.apache.kafka.controller.FeatureControlManager)
[2025-05-17 16:28:56,915] INFO [QuorumController id=1] Replayed a FeatureLevelRecord setting feature transaction.version to 2 (org.apache.kafka.controller.FeatureControlManager)
[2025-05-17 16:28:56,948] INFO [QuorumController id=1] Replayed initial RegisterBrokerRecord for broker 1: RegisterBrokerRecord(brokerId=1, isMigratingZkBroker=false, incarnationId=F35Kn4RCRB-Mdb2kKB_thw, brokerEpoch=20529, endPoints=[BrokerEndpoint(name='SSL', host='172.23.38.230', port=9094, securityProtocol=1), BrokerEndpoint(name='PLAINTEXT', host='172.23.38.230', port=9092, securityProtocol=0)], features=[BrokerFeature(name='group.version', minSupportedVersion=0, maxSupportedVersion=1), BrokerFeature(name='transaction.version', minSupportedVersion=0, maxSupportedVersion=2), BrokerFeature(name='eligible.leader.replicas.version', minSupportedVersion=0, maxSupportedVersion=1), BrokerFeature(name='kraft.version', minSupportedVersion=0, maxSupportedVersion=1), BrokerFeature(name='metadata.version', minSupportedVersion=7, maxSupportedVersion=25)], rack=null, fenced=false, inControlledShutdown=false, logDirs=[kXUJD2A9YWQ2GIJctGNUGg]) (org.apache.kafka.controller.ClusterControlManager)
[2025-05-17 16:28:56,996] INFO [QuorumController id=1] Replayed RegisterControllerRecord containing ControllerRegistration(id=1, incarnationId=BM-Hmss4Tdm-Lj2VrT20CQ, zkMigrationReady=false, listeners=[Endpoint(listenerName='CONTROLLER', securityProtocol=PLAINTEXT, host='DESKTOP-T3O0CHU.', port=9093)], supportedFeatures={eligible.leader.replicas.version: 0-1, group.version: 0-1, kraft.version: 0-1, metadata.version: 7-25, transaction.version: 0-2}). (org.apache.kafka.controller.ClusterControlManager)
[2025-05-17 16:28:56,997] INFO [QuorumController id=1] Replayed TopicRecord for topic ssl-test-topic with topic ID k-JenWSBQ5y9bMuFSqN-pA. (org.apache.kafka.controller.ReplicationControlManager)
[2025-05-17 16:28:57,055] INFO [QuorumController id=1] Replayed PartitionRecord for new partition ssl-test-topic-0 with topic ID k-JenWSBQ5y9bMuFSqN-pA and PartitionRegistration(replicas=[1], directories=[kXUJD2A9YWQ2GIJctGNUGg], isr=[1], removingReplicas=[], addingReplicas=[], elr=[], lastKnownElr=[], leader=1, leaderRecoveryState=RECOVERED, leaderEpoch=2, partitionEpoch=2). (org.apache.kafka.controller.ReplicationControlManager)
[2025-05-17 16:28:57,059] INFO [QuorumController id=1] Replayed PartitionRecord for new partition ssl-test-topic-1 with topic ID k-JenWSBQ5y9bMuFSqN-pA and PartitionRegistration(replicas=[1], directories=[kXUJD2A9YWQ2GIJctGNUGg], isr=[1], removingReplicas=[], addingReplicas=[], elr=[], lastKnownElr=[], leader=1, leaderRecoveryState=RECOVERED, leaderEpoch=2, partitionEpoch=2). (org.apache.kafka.controller.ReplicationControlManager)
[2025-05-17 16:28:57,060] INFO [QuorumController id=1] Replayed PartitionRecord for new partition ssl-test-topic-2 with topic ID k-JenWSBQ5y9bMuFSqN-pA and PartitionRegistration(replicas=[1], directories=[kXUJD2A9YWQ2GIJctGNUGg], isr=[1], removingReplicas=[], addingReplicas=[], elr=[], lastKnownElr=[], leader=1, leaderRecoveryState=RECOVERED, leaderEpoch=2, partitionEpoch=2). (org.apache.kafka.controller.ReplicationControlManager)
[2025-05-17 16:28:57,062] INFO [QuorumController id=1] Replayed TopicRecord for topic test-topic with topic ID 5IOimlizQSmAmZHYHObOxA. (org.apache.kafka.controller.ReplicationControlManager)
[2025-05-17 16:28:57,062] INFO [QuorumController id=1] Replayed PartitionRecord for new partition test-topic-0 with topic ID 5IOimlizQSmAmZHYHObOxA and PartitionRegistration(replicas=[1], directories=[kXUJD2A9YWQ2GIJctGNUGg], isr=[1], removingReplicas=[], addingReplicas=[], elr=[], lastKnownElr=[], leader=1, leaderRecoveryState=RECOVERED, leaderEpoch=0, partitionEpoch=0). (org.apache.kafka.controller.ReplicationControlManager)
[2025-05-17 16:28:57,067] INFO [QuorumController id=1] Replaying ProducerIdsRecord ProducerIdsRecord(brokerId=-1, brokerEpoch=-1, nextProducerId=1000) (org.apache.kafka.controller.ProducerIdControlManager)
[2025-05-17 16:28:57,067] INFO [QuorumController id=1] Successfully loaded snapshot 00000000000000027712-0000000004. (org.apache.kafka.controller.OffsetControlManager)
[2025-05-17 16:28:57,100] INFO [QuorumController id=1] Replayed BrokerRegistrationChangeRecord modifying the registration for broker 1: BrokerRegistrationChangeRecord(brokerId=1, brokerEpoch=20529, fenced=0, inControlledShutdown=1, logDirs=[]) (org.apache.kafka.controller.ClusterControlManager)
[2025-05-17 16:28:57,102] INFO [QuorumController id=1] Replayed BrokerRegistrationChangeRecord modifying the registration for broker 1: BrokerRegistrationChangeRecord(brokerId=1, brokerEpoch=20529, fenced=1, inControlledShutdown=0, logDirs=[]) (org.apache.kafka.controller.ClusterControlManager)
[2025-05-17 16:28:57,108] INFO [QuorumController id=1] Becoming the active controller at epoch 5, next write offset 28639. (org.apache.kafka.controller.QuorumController)
[2025-05-17 16:28:57,121] WARN [QuorumController id=1] Performing controller activation. (org.apache.kafka.controller.QuorumController)
[2025-05-17 16:28:57,125] INFO [QuorumController id=1] Activated periodic tasks: electPreferred, electUnclean, expireDelegationTokens, generatePeriodicPerformanceMessage, maybeFenceStaleBroker, writeNoOpRecord (org.apache.kafka.controller.PeriodicTaskControlManager)
[2025-05-17 16:28:57,338] INFO [QuorumController id=1] Replayed RegisterControllerRecord containing ControllerRegistration(id=1, incarnationId=jVuoRD5tTamvnNR7mf6yGQ, zkMigrationReady=false, listeners=[Endpoint(listenerName='CONTROLLER', securityProtocol=PLAINTEXT, host='DESKTOP-T3O0CHU.', port=9093)], supportedFeatures={eligible.leader.replicas.version: 0-1, group.version: 0-1, kraft.version: 0-1, metadata.version: 7-25, transaction.version: 0-2}). Previous incarnation was BM-Hmss4Tdm-Lj2VrT20CQ (org.apache.kafka.controller.ClusterControlManager)
[2025-05-17 16:28:58,274] INFO [QuorumController id=1] registerBroker: event failed with DuplicateBrokerRegistrationException in 1230 microseconds. Exception message: Another broker is registered with that broker id. (org.apache.kafka.controller.QuorumController)
[2025-05-17 16:28:58,386] INFO [QuorumController id=1] registerBroker: event failed with DuplicateBrokerRegistrationException in 151 microseconds. Exception message: Another broker is registered with that broker id. (org.apache.kafka.controller.QuorumController)
[2025-05-17 16:28:58,587] INFO [QuorumController id=1] registerBroker: event failed with DuplicateBrokerRegistrationException in 269 microseconds. Exception message: Another broker is registered with that broker id. (org.apache.kafka.controller.QuorumController)
[2025-05-17 16:28:59,007] INFO [QuorumController id=1] registerBroker: event failed with DuplicateBrokerRegistrationException in 316 microseconds. Exception message: Another broker is registered with that broker id. (org.apache.kafka.controller.QuorumController)
[2025-05-17 16:28:59,825] INFO [QuorumController id=1] registerBroker: event failed with DuplicateBrokerRegistrationException in 115 microseconds. Exception message: Another broker is registered with that broker id. (org.apache.kafka.controller.QuorumController)
[2025-05-17 16:29:01,410] INFO [QuorumController id=1] registerBroker: event failed with DuplicateBrokerRegistrationException in 86 microseconds. Exception message: Another broker is registered with that broker id. (org.apache.kafka.controller.QuorumController)
[2025-05-17 16:29:04,674] INFO [QuorumController id=1] registerBroker: event failed with DuplicateBrokerRegistrationException in 166 microseconds. Exception message: Another broker is registered with that broker id. (org.apache.kafka.controller.QuorumController)
[2025-05-17 16:29:06,127] INFO [QuorumController id=1] Fencing broker 1 at epoch 20529 because its session has timed out. (org.apache.kafka.controller.ReplicationControlManager)
[2025-05-17 16:29:06,147] INFO [QuorumController id=1] Ignoring no-op registration change for BrokerRegistration(id=1, epoch=20529, incarnationId=F35Kn4RCRB-Mdb2kKB_thw, listeners=[Endpoint(listenerName='PLAINTEXT', securityProtocol=PLAINTEXT, host='172.23.38.230', port=9092), Endpoint(listenerName='SSL', securityProtocol=SSL, host='172.23.38.230', port=9094)], supportedFeatures={eligible.leader.replicas.version: 0-1, group.version: 0-1, kraft.version: 0-1, metadata.version: 7-25, transaction.version: 0-2}, rack=Optional.empty, fenced=true, inControlledShutdown=true, isMigratingZkBroker=false, directories=[kXUJD2A9YWQ2GIJctGNUGg]) (org.apache.kafka.controller.ClusterControlManager)
[2025-05-17 16:29:09,182] INFO [QuorumController id=1] Registering a new incarnation of broker 1. Previous incarnation ID was F35Kn4RCRB-Mdb2kKB_thw; new incarnation ID is YXqZB5QpTMW6U2fdtcHVmQ. Generated 0 record(s) to clean up previous incarnations. Broker epoch will become 28665. (org.apache.kafka.controller.ClusterControlManager)
[2025-05-17 16:29:09,183] INFO [QuorumController id=1] Replayed RegisterBrokerRecord establishing a new incarnation of broker 1: RegisterBrokerRecord(brokerId=1, isMigratingZkBroker=false, incarnationId=YXqZB5QpTMW6U2fdtcHVmQ, brokerEpoch=28665, endPoints=[BrokerEndpoint(name='PLAINTEXT', host='172.23.38.230', port=9092, securityProtocol=0), BrokerEndpoint(name='SSL', host='172.23.38.230', port=9094, securityProtocol=1)], features=[BrokerFeature(name='group.version', minSupportedVersion=0, maxSupportedVersion=1), BrokerFeature(name='transaction.version', minSupportedVersion=0, maxSupportedVersion=2), BrokerFeature(name='eligible.leader.replicas.version', minSupportedVersion=0, maxSupportedVersion=1), BrokerFeature(name='kraft.version', minSupportedVersion=0, maxSupportedVersion=1), BrokerFeature(name='metadata.version', minSupportedVersion=7, maxSupportedVersion=25)], rack=null, fenced=true, inControlledShutdown=false, logDirs=[kXUJD2A9YWQ2GIJctGNUGg]) (org.apache.kafka.controller.ClusterControlManager)
[2025-05-17 16:29:09,238] INFO [QuorumController id=1] The request from broker 1 to unfence has been granted because it has caught up with the offset of its register broker record 28665. (org.apache.kafka.controller.BrokerHeartbeatManager)
[2025-05-17 16:29:09,239] INFO [QuorumController id=1] handleBrokerUnfenced: changing 4 partition(s) (org.apache.kafka.controller.ReplicationControlManager)
[2025-05-17 16:29:09,240] INFO [QuorumController id=1] Replayed BrokerRegistrationChangeRecord modifying the registration for broker 1: BrokerRegistrationChangeRecord(brokerId=1, brokerEpoch=28665, fenced=-1, inControlledShutdown=0, logDirs=[]) (org.apache.kafka.controller.ClusterControlManager)
[2025-05-17 16:30:04,296] INFO [QuorumController id=1] In the last 60000 ms period, 334 controller events were completed, which took an average of 10.93 ms each. The slowest event was handleLoadSnapshot[snapshotId=OffsetAndEpoch(offset=27712, epoch=4)], which took 158.18 ms. (org.apache.kafka.controller.EventPerformanceMonitor)
[2025-05-17 16:31:11,532] INFO [QuorumController id=1] In the last 60000 ms period, 324 controller events were completed, which took an average of 9.88 ms each. The slowest event was writeNoOpRecord(1528091802), which took 28.97 ms. (org.apache.kafka.controller.EventPerformanceMonitor)
[2025-05-17 16:32:18,654] INFO [QuorumController id=1] In the last 60000 ms period, 324 controller events were completed, which took an average of 9.87 ms each. The slowest event was writeNoOpRecord(461919814), which took 31.41 ms. (org.apache.kafka.controller.EventPerformanceMonitor)
[2025-05-17 16:33:25,823] INFO [QuorumController id=1] In the last 60000 ms period, 325 controller events were completed, which took an average of 9.75 ms each. The slowest event was writeNoOpRecord(870586595), which took 29.11 ms. (org.apache.kafka.controller.EventPerformanceMonitor)
[2025-05-17 16:34:29,407] INFO [QuorumController id=1] Periodic task electPreferred generated 0 records in 360 microseconds. (org.apache.kafka.controller.PeriodicTaskControlManager)
[2025-05-17 16:34:29,408] INFO [QuorumController id=1] Periodic task electUnclean generated 0 records in 27 microseconds. (org.apache.kafka.controller.PeriodicTaskControlManager)
[2025-05-17 16:34:29,409] INFO [QuorumController id=1] In the last 60000 ms period, 326 controller events were completed, which took an average of 9.84 ms each. The slowest event was writeNoOpRecord(784731973), which took 40.34 ms. (org.apache.kafka.controller.EventPerformanceMonitor)
[2025-05-17 16:35:36,563] INFO [QuorumController id=1] In the last 60000 ms period, 324 controller events were completed, which took an average of 9.68 ms each. The slowest event was writeNoOpRecord(852775125), which took 27.18 ms. (org.apache.kafka.controller.EventPerformanceMonitor)
[2025-05-17 16:36:43,738] INFO [QuorumController id=1] In the last 60000 ms period, 325 controller events were completed, which took an average of 9.74 ms each. The slowest event was writeNoOpRecord(595415937), which took 27.57 ms. (org.apache.kafka.controller.EventPerformanceMonitor)
[2025-05-17 16:37:50,895] INFO [QuorumController id=1] In the last 60000 ms period, 324 controller events were completed, which took an average of 9.66 ms each. The slowest event was writeNoOpRecord(496718621), which took 27.68 ms. (org.apache.kafka.controller.EventPerformanceMonitor)
[2025-05-17 16:38:58,075] INFO [QuorumController id=1] In the last 60000 ms period, 324 controller events were completed, which took an average of 9.67 ms each. The slowest event was writeNoOpRecord(143418221), which took 27.17 ms. (org.apache.kafka.controller.EventPerformanceMonitor)
[2025-05-17 16:40:05,265] INFO [QuorumController id=1] Periodic task electPreferred generated 0 records in 30 microseconds. (org.apache.kafka.controller.PeriodicTaskControlManager)
[2025-05-17 16:40:05,265] INFO [QuorumController id=1] Periodic task electUnclean generated 0 records in 22 microseconds. (org.apache.kafka.controller.PeriodicTaskControlManager)
[2025-05-17 16:40:05,268] INFO [QuorumController id=1] In the last 60000 ms period, 327 controller events were completed, which took an average of 9.60 ms each. The slowest event was writeNoOpRecord(203829697), which took 28.21 ms. (org.apache.kafka.controller.EventPerformanceMonitor)
[2025-05-17 16:41:12,425] INFO [QuorumController id=1] In the last 60000 ms period, 324 controller events were completed, which took an average of 9.62 ms each. The slowest event was writeNoOpRecord(1324955390), which took 27.39 ms. (org.apache.kafka.controller.EventPerformanceMonitor)
[2025-05-17 16:42:16,005] INFO [QuorumController id=1] In the last 60000 ms period, 324 controller events were completed, which took an average of 9.60 ms each. The slowest event was writeNoOpRecord(1150042928), which took 27.83 ms. (org.apache.kafka.controller.EventPerformanceMonitor)
