[2025-05-17T15:13:37.541+0300][gc] Using G1
[2025-05-17T15:13:37.549+0300][gc,init] Version: 17.0.15+6-Ubuntu-0ubuntu124.04 (release)
[2025-05-17T15:13:37.549+0300][gc,init] CPUs: 8 total, 8 available
[2025-05-17T15:13:37.549+0300][gc,init] Memory: 7850M
[2025-05-17T15:13:37.549+0300][gc,init] Large Page Support: Disabled
[2025-05-17T15:13:37.549+0300][gc,init] NUMA Support: Disabled
[2025-05-17T15:13:37.549+0300][gc,init] Compressed Oops: Enabled (32-bit)
[2025-05-17T15:13:37.549+0300][gc,init] Heap Region Size: 1M
[2025-05-17T15:13:37.549+0300][gc,init] Heap Min Capacity: 1G
[2025-05-17T15:13:37.549+0300][gc,init] Heap Initial Capacity: 1G
[2025-05-17T15:13:37.549+0300][gc,init] Heap Max Capacity: 1G
[2025-05-17T15:13:37.549+0300][gc,init] Pre-touch: Disabled
[2025-05-17T15:13:37.549+0300][gc,init] Parallel Workers: 8
[2025-05-17T15:13:37.549+0300][gc,init] Concurrent Workers: 2
[2025-05-17T15:13:37.549+0300][gc,init] Concurrent Refinement Workers: 8
[2025-05-17T15:13:37.549+0300][gc,init] Periodic GC: Disabled
[2025-05-17T15:13:37.557+0300][gc,metaspace] CDS archive(s) mapped at: [0x00007ff297000000-0x00007ff297bc7000-0x00007ff297bc7000), size 12349440, SharedBaseAddress: 0x00007ff297000000, ArchiveRelocationMode: 1.
[2025-05-17T15:13:37.557+0300][gc,metaspace] Compressed class space mapped at: 0x00007ff298000000-0x00007ff2d8000000, reserved size: 1073741824
[2025-05-17T15:13:37.557+0300][gc,metaspace] Narrow klass base: 0x00007ff297000000, Narrow klass shift: 0, Narrow klass range: 0x100000000
[2025-05-17T15:13:38.774+0300][gc,start    ] GC(0) Pause Young (Normal) (G1 Evacuation Pause)
[2025-05-17T15:13:38.776+0300][gc,task     ] GC(0) Using 8 workers of 8 for evacuation
[2025-05-17T15:13:38.785+0300][gc,phases   ] GC(0)   Pre Evacuate Collection Set: 0.2ms
[2025-05-17T15:13:38.785+0300][gc,phases   ] GC(0)   Merge Heap Roots: 0.3ms
[2025-05-17T15:13:38.785+0300][gc,phases   ] GC(0)   Evacuate Collection Set: 8.1ms
[2025-05-17T15:13:38.785+0300][gc,phases   ] GC(0)   Post Evacuate Collection Set: 1.0ms
[2025-05-17T15:13:38.785+0300][gc,phases   ] GC(0)   Other: 1.5ms
[2025-05-17T15:13:38.785+0300][gc,heap     ] GC(0) Eden regions: 51->0(44)
[2025-05-17T15:13:38.785+0300][gc,heap     ] GC(0) Survivor regions: 0->7(7)
[2025-05-17T15:13:38.785+0300][gc,heap     ] GC(0) Old regions: 0->2
[2025-05-17T15:13:38.785+0300][gc,heap     ] GC(0) Archive regions: 2->2
[2025-05-17T15:13:38.785+0300][gc,heap     ] GC(0) Humongous regions: 0->0
[2025-05-17T15:13:38.785+0300][gc,metaspace] GC(0) Metaspace: 17003K(17216K)->17003K(17216K) NonClass: 14932K(15040K)->14932K(15040K) Class: 2071K(2176K)->2071K(2176K)
[2025-05-17T15:13:38.785+0300][gc          ] GC(0) Pause Young (Normal) (G1 Evacuation Pause) 51M->9M(1024M) 11.226ms
[2025-05-17T15:13:38.785+0300][gc,cpu      ] GC(0) User=0.00s Sys=0.06s Real=0.01s
[2025-05-17T15:13:39.104+0300][gc,start    ] GC(1) Pause Young (Concurrent Start) (Metadata GC Threshold)
[2025-05-17T15:13:39.104+0300][gc,task     ] GC(1) Using 8 workers of 8 for evacuation
[2025-05-17T15:13:39.112+0300][gc,phases   ] GC(1)   Pre Evacuate Collection Set: 0.2ms
[2025-05-17T15:13:39.112+0300][gc,phases   ] GC(1)   Merge Heap Roots: 0.2ms
[2025-05-17T15:13:39.112+0300][gc,phases   ] GC(1)   Evacuate Collection Set: 6.6ms
[2025-05-17T15:13:39.112+0300][gc,phases   ] GC(1)   Post Evacuate Collection Set: 1.0ms
[2025-05-17T15:13:39.112+0300][gc,phases   ] GC(1)   Other: 0.3ms
[2025-05-17T15:13:39.112+0300][gc,heap     ] GC(1) Eden regions: 14->0(49)
[2025-05-17T15:13:39.112+0300][gc,heap     ] GC(1) Survivor regions: 7->2(7)
[2025-05-17T15:13:39.112+0300][gc,heap     ] GC(1) Old regions: 2->8
[2025-05-17T15:13:39.112+0300][gc,heap     ] GC(1) Archive regions: 2->2
[2025-05-17T15:13:39.112+0300][gc,heap     ] GC(1) Humongous regions: 0->0
[2025-05-17T15:13:39.112+0300][gc,metaspace] GC(1) Metaspace: 21279K(21504K)->21279K(21504K) NonClass: 18646K(18752K)->18646K(18752K) Class: 2632K(2752K)->2632K(2752K)
[2025-05-17T15:13:39.112+0300][gc          ] GC(1) Pause Young (Concurrent Start) (Metadata GC Threshold) 22M->9M(1024M) 8.412ms
[2025-05-17T15:13:39.112+0300][gc,cpu      ] GC(1) User=0.05s Sys=0.01s Real=0.01s
[2025-05-17T15:13:39.112+0300][gc          ] GC(2) Concurrent Mark Cycle
[2025-05-17T15:13:39.112+0300][gc,marking  ] GC(2) Concurrent Clear Claimed Marks
[2025-05-17T15:13:39.112+0300][gc,marking  ] GC(2) Concurrent Clear Claimed Marks 0.065ms
[2025-05-17T15:13:39.112+0300][gc,marking  ] GC(2) Concurrent Scan Root Regions
[2025-05-17T15:13:39.116+0300][gc,marking  ] GC(2) Concurrent Scan Root Regions 3.202ms
[2025-05-17T15:13:39.116+0300][gc,marking  ] GC(2) Concurrent Mark
[2025-05-17T15:13:39.116+0300][gc,marking  ] GC(2) Concurrent Mark From Roots
[2025-05-17T15:13:39.116+0300][gc,task     ] GC(2) Using 2 workers of 2 for marking
[2025-05-17T15:13:39.121+0300][gc,marking  ] GC(2) Concurrent Mark From Roots 4.969ms
[2025-05-17T15:13:39.121+0300][gc,marking  ] GC(2) Concurrent Preclean
[2025-05-17T15:13:39.121+0300][gc,marking  ] GC(2) Concurrent Preclean 0.219ms
[2025-05-17T15:13:39.121+0300][gc,start    ] GC(2) Pause Remark
[2025-05-17T15:13:39.124+0300][gc          ] GC(2) Pause Remark 10M->10M(1024M) 2.665ms
[2025-05-17T15:13:39.124+0300][gc,cpu      ] GC(2) User=0.02s Sys=0.00s Real=0.01s
[2025-05-17T15:13:39.124+0300][gc,marking  ] GC(2) Concurrent Mark 8.336ms
[2025-05-17T15:13:39.124+0300][gc,marking  ] GC(2) Concurrent Rebuild Remembered Sets
[2025-05-17T15:13:39.128+0300][gc,marking  ] GC(2) Concurrent Rebuild Remembered Sets 3.519ms
[2025-05-17T15:13:39.128+0300][gc,start    ] GC(2) Pause Cleanup
[2025-05-17T15:13:39.128+0300][gc          ] GC(2) Pause Cleanup 10M->10M(1024M) 0.353ms
[2025-05-17T15:13:39.128+0300][gc,cpu      ] GC(2) User=0.00s Sys=0.00s Real=0.00s
[2025-05-17T15:13:39.128+0300][gc,marking  ] GC(2) Concurrent Cleanup for Next Mark
[2025-05-17T15:13:39.134+0300][gc,marking  ] GC(2) Concurrent Cleanup for Next Mark 5.356ms
[2025-05-17T15:13:39.134+0300][gc          ] GC(2) Concurrent Mark Cycle 21.660ms
[2025-05-17T15:13:40.146+0300][gc,start    ] GC(3) Pause Young (Normal) (G1 Evacuation Pause)
[2025-05-17T15:13:40.146+0300][gc,task     ] GC(3) Using 8 workers of 8 for evacuation
[2025-05-17T15:13:40.151+0300][gc,phases   ] GC(3)   Pre Evacuate Collection Set: 0.2ms
[2025-05-17T15:13:40.151+0300][gc,phases   ] GC(3)   Merge Heap Roots: 0.2ms
[2025-05-17T15:13:40.151+0300][gc,phases   ] GC(3)   Evacuate Collection Set: 3.8ms
[2025-05-17T15:13:40.151+0300][gc,phases   ] GC(3)   Post Evacuate Collection Set: 1.0ms
[2025-05-17T15:13:40.151+0300][gc,phases   ] GC(3)   Other: 0.1ms
[2025-05-17T15:13:40.151+0300][gc,heap     ] GC(3) Eden regions: 49->0(45)
[2025-05-17T15:13:40.151+0300][gc,heap     ] GC(3) Survivor regions: 2->6(7)
[2025-05-17T15:13:40.151+0300][gc,heap     ] GC(3) Old regions: 8->8
[2025-05-17T15:13:40.151+0300][gc,heap     ] GC(3) Archive regions: 2->2
[2025-05-17T15:13:40.151+0300][gc,heap     ] GC(3) Humongous regions: 0->0
[2025-05-17T15:13:40.151+0300][gc,metaspace] GC(3) Metaspace: 31443K(31808K)->31443K(31808K) NonClass: 27760K(27968K)->27760K(27968K) Class: 3682K(3840K)->3682K(3840K)
[2025-05-17T15:13:40.151+0300][gc          ] GC(3) Pause Young (Normal) (G1 Evacuation Pause) 58M->13M(1024M) 5.568ms
[2025-05-17T15:13:40.151+0300][gc,cpu      ] GC(3) User=0.03s Sys=0.01s Real=0.00s
[2025-05-17T15:13:40.518+0300][gc,start    ] GC(4) Pause Young (Concurrent Start) (Metadata GC Threshold)
[2025-05-17T15:13:40.518+0300][gc,task     ] GC(4) Using 8 workers of 8 for evacuation
[2025-05-17T15:13:40.527+0300][gc,phases   ] GC(4)   Pre Evacuate Collection Set: 0.3ms
[2025-05-17T15:13:40.527+0300][gc,phases   ] GC(4)   Merge Heap Roots: 0.1ms
[2025-05-17T15:13:40.527+0300][gc,phases   ] GC(4)   Evacuate Collection Set: 7.3ms
[2025-05-17T15:13:40.527+0300][gc,phases   ] GC(4)   Post Evacuate Collection Set: 1.0ms
[2025-05-17T15:13:40.527+0300][gc,phases   ] GC(4)   Other: 0.2ms
[2025-05-17T15:13:40.527+0300][gc,heap     ] GC(4) Eden regions: 24->0(48)
[2025-05-17T15:13:40.527+0300][gc,heap     ] GC(4) Survivor regions: 6->3(7)
[2025-05-17T15:13:40.527+0300][gc,heap     ] GC(4) Old regions: 8->13
[2025-05-17T15:13:40.527+0300][gc,heap     ] GC(4) Archive regions: 2->2
[2025-05-17T15:13:40.527+0300][gc,heap     ] GC(4) Humongous regions: 9->9
[2025-05-17T15:13:40.527+0300][gc,metaspace] GC(4) Metaspace: 35603K(36096K)->35603K(36096K) NonClass: 31437K(31680K)->31437K(31680K) Class: 4165K(4416K)->4165K(4416K)
[2025-05-17T15:13:40.527+0300][gc          ] GC(4) Pause Young (Concurrent Start) (Metadata GC Threshold) 46M->25M(1024M) 8.969ms
[2025-05-17T15:13:40.527+0300][gc,cpu      ] GC(4) User=0.06s Sys=0.01s Real=0.01s
[2025-05-17T15:13:40.527+0300][gc          ] GC(5) Concurrent Mark Cycle
[2025-05-17T15:13:40.527+0300][gc,marking  ] GC(5) Concurrent Clear Claimed Marks
[2025-05-17T15:13:40.527+0300][gc,marking  ] GC(5) Concurrent Clear Claimed Marks 0.063ms
[2025-05-17T15:13:40.527+0300][gc,marking  ] GC(5) Concurrent Scan Root Regions
[2025-05-17T15:13:40.532+0300][gc,marking  ] GC(5) Concurrent Scan Root Regions 5.378ms
[2025-05-17T15:13:40.533+0300][gc,marking  ] GC(5) Concurrent Mark
[2025-05-17T15:13:40.533+0300][gc,marking  ] GC(5) Concurrent Mark From Roots
[2025-05-17T15:13:40.533+0300][gc,task     ] GC(5) Using 2 workers of 2 for marking
[2025-05-17T15:13:40.544+0300][gc,marking  ] GC(5) Concurrent Mark From Roots 11.129ms
[2025-05-17T15:13:40.544+0300][gc,marking  ] GC(5) Concurrent Preclean
[2025-05-17T15:13:40.544+0300][gc,marking  ] GC(5) Concurrent Preclean 0.207ms
[2025-05-17T15:13:40.544+0300][gc,start    ] GC(5) Pause Remark
[2025-05-17T15:13:40.546+0300][gc          ] GC(5) Pause Remark 28M->28M(1024M) 2.163ms
[2025-05-17T15:13:40.546+0300][gc,cpu      ] GC(5) User=0.02s Sys=0.00s Real=0.00s
[2025-05-17T15:13:40.547+0300][gc,marking  ] GC(5) Concurrent Mark 14.008ms
[2025-05-17T15:13:40.547+0300][gc,marking  ] GC(5) Concurrent Rebuild Remembered Sets
[2025-05-17T15:13:40.556+0300][gc,marking  ] GC(5) Concurrent Rebuild Remembered Sets 9.032ms
[2025-05-17T15:13:40.556+0300][gc,start    ] GC(5) Pause Cleanup
[2025-05-17T15:13:40.556+0300][gc          ] GC(5) Pause Cleanup 30M->30M(1024M) 0.231ms
[2025-05-17T15:13:40.556+0300][gc,cpu      ] GC(5) User=0.00s Sys=0.00s Real=0.00s
[2025-05-17T15:13:40.556+0300][gc,marking  ] GC(5) Concurrent Cleanup for Next Mark
[2025-05-17T15:13:40.564+0300][gc,marking  ] GC(5) Concurrent Cleanup for Next Mark 7.414ms
[2025-05-17T15:13:40.564+0300][gc          ] GC(5) Concurrent Mark Cycle 36.708ms
[2025-05-17T15:13:41.256+0300][gc,start    ] GC(6) Pause Young (Normal) (G1 Evacuation Pause)
[2025-05-17T15:13:41.256+0300][gc,task     ] GC(6) Using 8 workers of 8 for evacuation
[2025-05-17T15:13:41.264+0300][gc,phases   ] GC(6)   Pre Evacuate Collection Set: 0.2ms
[2025-05-17T15:13:41.264+0300][gc,phases   ] GC(6)   Merge Heap Roots: 0.2ms
[2025-05-17T15:13:41.264+0300][gc,phases   ] GC(6)   Evacuate Collection Set: 5.7ms
[2025-05-17T15:13:41.264+0300][gc,phases   ] GC(6)   Post Evacuate Collection Set: 1.2ms
[2025-05-17T15:13:41.264+0300][gc,phases   ] GC(6)   Other: 0.2ms
[2025-05-17T15:13:41.264+0300][gc,heap     ] GC(6) Eden regions: 48->0(44)
[2025-05-17T15:13:41.264+0300][gc,heap     ] GC(6) Survivor regions: 3->7(7)
[2025-05-17T15:13:41.264+0300][gc,heap     ] GC(6) Old regions: 13->15
[2025-05-17T15:13:41.264+0300][gc,heap     ] GC(6) Archive regions: 2->2
[2025-05-17T15:13:41.264+0300][gc,heap     ] GC(6) Humongous regions: 9->9
[2025-05-17T15:13:41.264+0300][gc,metaspace] GC(6) Metaspace: 42822K(43456K)->42822K(43456K) NonClass: 37818K(38144K)->37818K(38144K) Class: 5004K(5312K)->5004K(5312K)
[2025-05-17T15:13:41.264+0300][gc          ] GC(6) Pause Young (Normal) (G1 Evacuation Pause) 73M->31M(1024M) 7.595ms
[2025-05-17T15:13:41.264+0300][gc,cpu      ] GC(6) User=0.05s Sys=0.01s Real=0.01s
[2025-05-17T15:17:26.539+0300][gc,start    ] GC(7) Pause Young (Normal) (G1 Evacuation Pause)
[2025-05-17T15:17:26.539+0300][gc,task     ] GC(7) Using 8 workers of 8 for evacuation
[2025-05-17T15:17:26.562+0300][gc,mmu      ] GC(7) MMU target violated: 21.0ms (20.0ms/21.0ms)
[2025-05-17T15:17:26.563+0300][gc,phases   ] GC(7)   Pre Evacuate Collection Set: 0.6ms
[2025-05-17T15:17:26.563+0300][gc,phases   ] GC(7)   Merge Heap Roots: 0.5ms
[2025-05-17T15:17:26.563+0300][gc,phases   ] GC(7)   Evacuate Collection Set: 19.2ms
[2025-05-17T15:17:26.563+0300][gc,phases   ] GC(7)   Post Evacuate Collection Set: 2.6ms
[2025-05-17T15:17:26.563+0300][gc,phases   ] GC(7)   Other: 0.5ms
[2025-05-17T15:17:26.563+0300][gc,heap     ] GC(7) Eden regions: 44->0(48)
[2025-05-17T15:17:26.563+0300][gc,heap     ] GC(7) Survivor regions: 7->3(7)
[2025-05-17T15:17:26.563+0300][gc,heap     ] GC(7) Old regions: 15->22
[2025-05-17T15:17:26.563+0300][gc,heap     ] GC(7) Archive regions: 2->2
[2025-05-17T15:17:26.563+0300][gc,heap     ] GC(7) Humongous regions: 138->138
[2025-05-17T15:17:26.563+0300][gc,metaspace] GC(7) Metaspace: 48456K(49408K)->48456K(49408K) NonClass: 42661K(43136K)->42661K(43136K) Class: 5794K(6272K)->5794K(6272K)
[2025-05-17T15:17:26.563+0300][gc          ] GC(7) Pause Young (Normal) (G1 Evacuation Pause) 204M->163M(1024M) 23.691ms
[2025-05-17T15:17:26.563+0300][gc,cpu      ] GC(7) User=0.10s Sys=0.06s Real=0.02s
[2025-05-17T15:28:48.559+0300][gc,start    ] GC(8) Pause Young (Normal) (G1 Evacuation Pause)
[2025-05-17T15:28:48.560+0300][gc,task     ] GC(8) Using 8 workers of 8 for evacuation
[2025-05-17T15:28:48.564+0300][gc,phases   ] GC(8)   Pre Evacuate Collection Set: 0.3ms
[2025-05-17T15:28:48.564+0300][gc,phases   ] GC(8)   Merge Heap Roots: 0.2ms
[2025-05-17T15:28:48.564+0300][gc,phases   ] GC(8)   Evacuate Collection Set: 3.0ms
[2025-05-17T15:28:48.564+0300][gc,phases   ] GC(8)   Post Evacuate Collection Set: 1.2ms
[2025-05-17T15:28:48.564+0300][gc,phases   ] GC(8)   Other: 0.2ms
[2025-05-17T15:28:48.564+0300][gc,heap     ] GC(8) Eden regions: 48->0(47)
[2025-05-17T15:28:48.564+0300][gc,heap     ] GC(8) Survivor regions: 3->4(7)
[2025-05-17T15:28:48.564+0300][gc,heap     ] GC(8) Old regions: 22->22
[2025-05-17T15:28:48.564+0300][gc,heap     ] GC(8) Archive regions: 2->2
[2025-05-17T15:28:48.564+0300][gc,heap     ] GC(8) Humongous regions: 138->138
[2025-05-17T15:28:48.564+0300][gc,metaspace] GC(8) Metaspace: 49075K(50048K)->49075K(50048K) NonClass: 43277K(43776K)->43277K(43776K) Class: 5798K(6272K)->5798K(6272K)
[2025-05-17T15:28:48.564+0300][gc          ] GC(8) Pause Young (Normal) (G1 Evacuation Pause) 211M->164M(1024M) 4.966ms
[2025-05-17T15:28:48.564+0300][gc,cpu      ] GC(8) User=0.03s Sys=0.00s Real=0.01s
[2025-05-17T15:40:21.375+0300][gc,start    ] GC(9) Pause Young (Normal) (G1 Evacuation Pause)
[2025-05-17T15:40:21.375+0300][gc,task     ] GC(9) Using 8 workers of 8 for evacuation
[2025-05-17T15:40:21.386+0300][gc,phases   ] GC(9)   Pre Evacuate Collection Set: 0.6ms
[2025-05-17T15:40:21.386+0300][gc,phases   ] GC(9)   Merge Heap Roots: 0.5ms
[2025-05-17T15:40:21.386+0300][gc,phases   ] GC(9)   Evacuate Collection Set: 7.3ms
[2025-05-17T15:40:21.386+0300][gc,phases   ] GC(9)   Post Evacuate Collection Set: 1.7ms
[2025-05-17T15:40:21.386+0300][gc,phases   ] GC(9)   Other: 0.3ms
[2025-05-17T15:40:21.386+0300][gc,heap     ] GC(9) Eden regions: 47->0(46)
[2025-05-17T15:40:21.386+0300][gc,heap     ] GC(9) Survivor regions: 4->5(7)
[2025-05-17T15:40:21.386+0300][gc,heap     ] GC(9) Old regions: 22->22
[2025-05-17T15:40:21.386+0300][gc,heap     ] GC(9) Archive regions: 2->2
[2025-05-17T15:40:21.386+0300][gc,heap     ] GC(9) Humongous regions: 138->138
[2025-05-17T15:40:21.386+0300][gc,metaspace] GC(9) Metaspace: 50388K(51264K)->50388K(51264K) NonClass: 44454K(44928K)->44454K(44928K) Class: 5933K(6336K)->5933K(6336K)
[2025-05-17T15:40:21.386+0300][gc          ] GC(9) Pause Young (Normal) (G1 Evacuation Pause) 211M->165M(1024M) 10.504ms
[2025-05-17T15:40:21.386+0300][gc,cpu      ] GC(9) User=0.06s Sys=0.00s Real=0.01s
