[2025-05-17 16:28:49,557] INFO [Broker id=1] Transitioning 4 partition(s) to local followers. (state.change.logger)
[2025-05-17 16:28:49,559] INFO [Broker id=1] Follower ssl-test-topic-2 starts at leader epoch 3 from offset 0 with partition epoch 3 and high watermark 0. Current leader is -1. Previous leader Some(-1) and previous leader epoch was 3. (state.change.logger)
[2025-05-17 16:28:49,559] INFO [Broker id=1] Follower ssl-test-topic-1 starts at leader epoch 3 from offset 0 with partition epoch 3 and high watermark 0. Current leader is -1. Previous leader Some(-1) and previous leader epoch was 3. (state.change.logger)
[2025-05-17 16:28:49,560] INFO [Broker id=1] Follower ssl-test-topic-0 starts at leader epoch 3 from offset 0 with partition epoch 3 and high watermark 0. Current leader is -1. Previous leader Some(-1) and previous leader epoch was 3. (state.change.logger)
[2025-05-17 16:28:49,560] INFO [Broker id=1] Follower test-topic-0 starts at leader epoch 1 from offset 1 with partition epoch 1 and high watermark 1. Current leader is -1. Previous leader Some(-1) and previous leader epoch was 1. (state.change.logger)
[2025-05-17 16:28:49,565] INFO [Broker id=1] Stopped fetchers as part of controlled shutdown for 4 partitions (state.change.logger)
[2025-05-17 16:28:58,784] INFO [Broker id=1] Transitioning 4 partition(s) to local followers. (state.change.logger)
[2025-05-17 16:28:58,796] INFO [Broker id=1] Creating new partition ssl-test-topic-2 with topic id k-JenWSBQ5y9bMuFSqN-pA. (state.change.logger)
[2025-05-17 16:28:58,861] INFO [Broker id=1] Follower ssl-test-topic-2 starts at leader epoch 3 from offset 0 with partition epoch 3 and high watermark 0. Current leader is -1. Previous leader Some(-1) and previous leader epoch was 3. (state.change.logger)
[2025-05-17 16:28:58,863] INFO [Broker id=1] Creating new partition ssl-test-topic-1 with topic id k-JenWSBQ5y9bMuFSqN-pA. (state.change.logger)
[2025-05-17 16:28:58,870] INFO [Broker id=1] Follower ssl-test-topic-1 starts at leader epoch 3 from offset 0 with partition epoch 3 and high watermark 0. Current leader is -1. Previous leader Some(-1) and previous leader epoch was 3. (state.change.logger)
[2025-05-17 16:28:58,871] INFO [Broker id=1] Creating new partition ssl-test-topic-0 with topic id k-JenWSBQ5y9bMuFSqN-pA. (state.change.logger)
[2025-05-17 16:28:58,875] INFO [Broker id=1] Follower ssl-test-topic-0 starts at leader epoch 3 from offset 0 with partition epoch 3 and high watermark 0. Current leader is -1. Previous leader Some(-1) and previous leader epoch was 3. (state.change.logger)
[2025-05-17 16:28:58,876] INFO [Broker id=1] Creating new partition test-topic-0 with topic id 5IOimlizQSmAmZHYHObOxA. (state.change.logger)
[2025-05-17 16:28:58,878] INFO [Broker id=1] Follower test-topic-0 starts at leader epoch 1 from offset 1 with partition epoch 1 and high watermark 1. Current leader is -1. Previous leader Some(-1) and previous leader epoch was 1. (state.change.logger)
[2025-05-17 16:28:58,883] INFO [Broker id=1] Stopped fetchers as part of become-follower for 4 partitions (state.change.logger)
[2025-05-17 16:28:58,893] INFO [Broker id=1] Started fetchers as part of become-follower for 4 partitions (state.change.logger)
[2025-05-17 16:29:09,269] INFO [Broker id=1] Transitioning 4 partition(s) to local leaders. (state.change.logger)
[2025-05-17 16:29:09,291] INFO [Broker id=1] Leader ssl-test-topic-2 with topic id Some(k-JenWSBQ5y9bMuFSqN-pA) starts at leader epoch 4 from offset 0 with partition epoch 4, high watermark 0, ISR [1], adding replicas [] and removing replicas [] . Previous leader Some(-1) and previous leader epoch was 3. (state.change.logger)
[2025-05-17 16:29:09,304] INFO [Broker id=1] Leader ssl-test-topic-1 with topic id Some(k-JenWSBQ5y9bMuFSqN-pA) starts at leader epoch 4 from offset 0 with partition epoch 4, high watermark 0, ISR [1], adding replicas [] and removing replicas [] . Previous leader Some(-1) and previous leader epoch was 3. (state.change.logger)
[2025-05-17 16:29:09,315] INFO [Broker id=1] Leader ssl-test-topic-0 with topic id Some(k-JenWSBQ5y9bMuFSqN-pA) starts at leader epoch 4 from offset 0 with partition epoch 4, high watermark 0, ISR [1], adding replicas [] and removing replicas [] . Previous leader Some(-1) and previous leader epoch was 3. (state.change.logger)
[2025-05-17 16:29:09,326] INFO [Broker id=1] Leader test-topic-0 with topic id Some(5IOimlizQSmAmZHYHObOxA) starts at leader epoch 2 from offset 1 with partition epoch 2, high watermark 1, ISR [1], adding replicas [] and removing replicas [] . Previous leader Some(-1) and previous leader epoch was 1. (state.change.logger)
